Compiling the CXX compiler identification source file "CMakeCXXCompilerId.cpp" failed.
Compiler: /data/data/com.tom.rv2ide/files/home/android-sdk/ndk/27.0.12077973/toolchains/llvm/prebuilt//bin/clang++ 
Build flags: -g;-DANDROID;-fdata-sections;-ffunction-sections;-funwind-tables;-fstack-protector-strong;-no-canonical-prefixes;-D_FORTIFY_SOURCE=2;-Wformat;-Werror=format-security;;-std=c++17
Id flags: -c;--target=aarch64-none-linux-android26 

The output was:
No such file or directory


Compiling the CXX compiler identification source file "CMakeCXXCompilerId.cpp" failed.
Compiler: /data/data/com.tom.rv2ide/files/home/android-sdk/ndk/27.0.12077973/toolchains/llvm/prebuilt//bin/clang++ 
Build flags: -g;-DANDROID;-fdata-sections;-ffunction-sections;-funwind-tables;-fstack-protector-strong;-no-canonical-prefixes;-D_FORTIFY_SOURCE=2;-Wformat;-Werror=format-security;;-std=c++17
Id flags:  

The output was:
No such file or directory


Compiling the CXX compiler identification source file "CMakeCXXCompilerId.cpp" failed.
Compiler: /data/data/com.tom.rv2ide/files/home/android-sdk/ndk/27.0.12077973/toolchains/llvm/prebuilt//bin/clang++ 
Build flags: -g;-DANDROID;-fdata-sections;-ffunction-sections;-funwind-tables;-fstack-protector-strong;-no-canonical-prefixes;-D_FORTIFY_SOURCE=2;-Wformat;-Werror=format-security;;-std=c++17
Id flags: -c 

The output was:
No such file or directory


Compiling the CXX compiler identification source file "CMakeCXXCompilerId.cpp" failed.
Compiler: /data/data/com.tom.rv2ide/files/home/android-sdk/ndk/27.0.12077973/toolchains/llvm/prebuilt//bin/clang++ 
Build flags: -g;-DANDROID;-fdata-sections;-ffunction-sections;-funwind-tables;-fstack-protector-strong;-no-canonical-prefixes;-D_FORTIFY_SOURCE=2;-Wformat;-Werror=format-security;;-std=c++17
Id flags: --c++ 

The output was:
No such file or directory


Compiling the CXX compiler identification source file "CMakeCXXCompilerId.cpp" failed.
Compiler: /data/data/com.tom.rv2ide/files/home/android-sdk/ndk/27.0.12077973/toolchains/llvm/prebuilt//bin/clang++ 
Build flags: -g;-DANDROID;-fdata-sections;-ffunction-sections;-funwind-tables;-fstack-protector-strong;-no-canonical-prefixes;-D_FORTIFY_SOURCE=2;-Wformat;-Werror=format-security;;-std=c++17
Id flags: --ec++ 

The output was:
No such file or directory


Compiling the CXX compiler identification source file "CMakeCXXCompilerId.cpp" failed.
Compiler: /data/data/com.tom.rv2ide/files/home/android-sdk/ndk/27.0.12077973/toolchains/llvm/prebuilt//bin/clang++ 
Build flags: -g;-DANDROID;-fdata-sections;-ffunction-sections;-funwind-tables;-fstack-protector-strong;-no-canonical-prefixes;-D_FORTIFY_SOURCE=2;-Wformat;-Werror=format-security;;-std=c++17
Id flags: --target=arm-arm-none-eabi;-mcpu=cortex-m3 

The output was:
No such file or directory


Compiling the CXX compiler identification source file "CMakeCXXCompilerId.cpp" failed.
Compiler: /data/data/com.tom.rv2ide/files/home/android-sdk/ndk/27.0.12077973/toolchains/llvm/prebuilt//bin/clang++ 
Build flags: -g;-DANDROID;-fdata-sections;-ffunction-sections;-funwind-tables;-fstack-protector-strong;-no-canonical-prefixes;-D_FORTIFY_SOURCE=2;-Wformat;-Werror=format-security;;-std=c++17
Id flags: -c;-I__does_not_exist__ 

The output was:
No such file or directory


Compiling the CXX compiler identification source file "CMakeCXXCompilerId.cpp" failed.
Compiler: /data/data/com.tom.rv2ide/files/home/android-sdk/ndk/27.0.12077973/toolchains/llvm/prebuilt//bin/clang++ 
Build flags: 
Id flags: -c;--target=aarch64-none-linux-android26 

The output was:
No such file or directory


Compiling the CXX compiler identification source file "CMakeCXXCompilerId.cpp" failed.
Compiler: /data/data/com.tom.rv2ide/files/home/android-sdk/ndk/27.0.12077973/toolchains/llvm/prebuilt//bin/clang++ 
Build flags: 
Id flags:  

The output was:
No such file or directory


Compiling the CXX compiler identification source file "CMakeCXXCompilerId.cpp" failed.
Compiler: /data/data/com.tom.rv2ide/files/home/android-sdk/ndk/27.0.12077973/toolchains/llvm/prebuilt//bin/clang++ 
Build flags: 
Id flags: -c 

The output was:
No such file or directory


Compiling the CXX compiler identification source file "CMakeCXXCompilerId.cpp" failed.
Compiler: /data/data/com.tom.rv2ide/files/home/android-sdk/ndk/27.0.12077973/toolchains/llvm/prebuilt//bin/clang++ 
Build flags: 
Id flags: --c++ 

The output was:
No such file or directory


Compiling the CXX compiler identification source file "CMakeCXXCompilerId.cpp" failed.
Compiler: /data/data/com.tom.rv2ide/files/home/android-sdk/ndk/27.0.12077973/toolchains/llvm/prebuilt//bin/clang++ 
Build flags: 
Id flags: --ec++ 

The output was:
No such file or directory


Compiling the CXX compiler identification source file "CMakeCXXCompilerId.cpp" failed.
Compiler: /data/data/com.tom.rv2ide/files/home/android-sdk/ndk/27.0.12077973/toolchains/llvm/prebuilt//bin/clang++ 
Build flags: 
Id flags: --target=arm-arm-none-eabi;-mcpu=cortex-m3 

The output was:
No such file or directory


Compiling the CXX compiler identification source file "CMakeCXXCompilerId.cpp" failed.
Compiler: /data/data/com.tom.rv2ide/files/home/android-sdk/ndk/27.0.12077973/toolchains/llvm/prebuilt//bin/clang++ 
Build flags: 
Id flags: -c;-I__does_not_exist__ 

The output was:
No such file or directory


Checking whether the CXX compiler is IAR using "" did not match "IAR .+ Compiler":
Checking whether the CXX compiler is IAR using "" did not match "IAR .+ Compiler":
